05/16/16 12:12:00 [1048][1][FATAL] ERROR: rmdir_recursive(): argument cache/upgrades/temp/5B8F.tmp is not a file or a dir.
05/16/16 12:26:14 [1048][1][FATAL] Job 24e801d1-0bef-24e7-c1e2-5739a0d4da7f (Magento Importer) failed in CRON run
05/16/16 12:29:10 [1048][1][FATAL] Job ea8add2b-98c5-7fd1-dbb2-5739a0daaf6f (Magento Importer) failed in CRON run
05/16/16 12:29:24 [1048][1][FATAL] Job runs too frequently, throttled to protect the system.
05/16/16 12:30:16 [1048][1][FATAL] Job aba5ad17-0009-bf96-886c-5739a1d20b97 (Magento Importer) failed in CRON run
05/16/16 12:33:16 [1048][1][FATAL] Job 40db44d4-7e07-8a74-1510-5739a17bb490 (Magento Importer) failed in CRON run
05/16/16 13:08:51 [1048][1][FATAL] Job 935cca8f-d048-36ca-d94f-5739aa1b2cc4 (Magento Importer) failed in CRON run
05/16/16 13:09:18 [1048][1][FATAL] Job 11d09270-3259-76b4-9dd9-5739aac9fe47 (Magento Importer) failed in CRON run
05/16/16 13:12:45 [1048][1][FATAL] Job 6b210c66-9565-6b44-9582-5739ab7e098d (Magento Importer) failed in CRON run
05/16/16 13:19:56 [1048][1][FATAL] Job 3a09e2c1-b96e-4ffc-0265-5739ac0491ce (Magento Importer) failed in CRON run
05/16/16 13:24:06 [1048][1][FATAL] Job 281cd02f-eb2f-745a-e0f0-5739ada9f72c (Magento Importer) failed in CRON run
05/16/16 13:24:23 [1048][1][FATAL] Job 9be595ba-e12f-5e5a-e376-5739adda7ea7 (Magento Importer) failed in CRON run
05/16/16 13:31:19 [1048][1][FATAL] Job 6828ddd8-500f-93d0-cf81-5739afeca7f3 (Magento Importer) failed in CRON run
05/16/16 13:31:43 [1048][1][FATAL] Job 2ca68a22-dd04-a755-5592-5739af0d6abd (Magento Importer) failed in CRON run
05/16/16 13:33:07 [1048][1][FATAL] Job 72de3727-8879-b166-7198-5739af4c9213 (Magento Importer) failed in CRON run
05/16/16 13:34:15 [1048][1][FATAL] Job 9b6e42d0-afd9-e756-7856-5739b073bf5c (Magento Importer) failed in CRON run
05/16/16 13:38:24 [1048][1][FATAL] Job 7254c6f8-942a-934c-878f-5739b15ee8fb (Magento Importer) failed in CRON run
05/16/16 13:38:42 [1048][1][FATAL] Job d600ac18-3cd7-ca96-cabb-5739b1a19ddb (Magento Importer) failed in CRON run
05/16/16 13:39:12 [1048][1][FATAL] Job 4bf071cd-85bc-312d-365a-5739b1514844 (Magento Importer) failed in CRON run
05/16/16 13:39:46 [1048][1][FATAL] Job 43c69534-7e8e-713e-e642-5739b1067fea (Magento Importer) failed in CRON run
05/16/16 13:41:57 [1048][1][FATAL] Job 3153e985-d38e-53fa-cd4b-5739b122bfd2 (Magento Importer) failed in CRON run
05/16/16 13:44:41 [1048][1][FATAL] Job 777be19c-afbb-b8ff-22f3-5739b259f578 (Magento Importer) failed in CRON run
05/16/16 13:45:45 [1048][1][FATAL] Job 5b21d7db-ab53-9338-1097-5739b2472ccb (Magento Importer) failed in CRON run
05/16/16 13:48:30 [1048][1][FATAL] Job a89f7714-fdc2-042a-e2d1-5739b32259fa (Magento Importer) failed in CRON run
05/16/16 13:51:42 [1048][1][FATAL] Job a567558e-461a-8e3e-8592-5739b40514a2 (Magento Importer) failed in CRON run
05/16/16 13:55:25 [1048][1][FATAL] Job 9f0e32ae-4a93-7749-65de-5739b4269b3d (Run Email Reminder Notifications) failed in CRON run
05/16/16 13:55:53 [1048][1][FATAL] Job 6c94583f-aaef-eebb-dffa-5739b546e221 (Magento Importer) failed in CRON run
05/16/16 14:35:48 [1048][1][FATAL] Job 66dc86e0-c804-5ed1-8d4b-5739be2bfef6 (Magento Importer) failed in CRON run
05/16/16 14:36:31 [1048][1][FATAL] Job 627692b0-c288-cd30-9336-5739be3fb173 (Magento Importer) failed in CRON run
05/16/16 14:37:42 [1048][1][FATAL] Job 96223fe2-f51e-39c3-d06d-5739bfbe814e (Magento Importer) failed in CRON run
